WeatherApp_Android-main/app/build/intermediates/manifest_merge_blame_file/debug/manifest-merger-blame-debug-report.txt
1<?xml version="1.0" encoding="utf-8"?>
2<manifest xmlns:android="http://schemas.android.com/apk/res/android"
3    package="kth.kenanmark.weatherapp"
4    android:versionCode="1"
5    android:versionName="1.0" >
6
7    <uses-sdk
8        android:minSdkVersion="21"
8-->src\main\AndroidManifest.xml
9        android:targetSdkVersion="32" />
9-->src\main\AndroidManifest.xml
10
11    <uses-permission android:name="android.permission.INTERNET" />
11-->src\main\AndroidManifest.xml:5:5-66
11-->src\main\AndroidManifest.xml:5:22-64
12
13    <application
13-->src\main\AndroidManifest.xml:7:5-32:19
14        android:allowBackup="true"
14-->src\main\AndroidManifest.xml:8:9-35
15        android:appComponentFactory="androidx.core.app.CoreComponentFactory"
15-->[androidx.core:core:1.7.0] AndroidManifest.xml:24:18-86
16        android:dataExtractionRules="@xml/data_extraction_rules"
16-->src\main\AndroidManifest.xml:9:9-65
17        android:debuggable="true"
18        android:fullBackupContent="@xml/backup_rules"
18-->src\main\AndroidManifest.xml:10:9-54
19        android:icon="@mipmap/ic_launcher"
19-->src\main\AndroidManifest.xml:11:9-43
20        android:label="@string/app_name"
20-->src\main\AndroidManifest.xml:12:9-41
21        android:roundIcon="@mipmap/ic_launcher_round"
21-->src\main\AndroidManifest.xml:13:9-54
22        android:supportsRtl="true"
22-->src\main\AndroidManifest.xml:14:9-35
23        android:testOnly="true"
24        android:theme="@style/Theme.WeatherApp" >
24-->src\main\AndroidManifest.xml:15:9-48
25        <activity
25-->src\main\AndroidManifest.xml:17:9-31:20
26            android:name="kth.kenanmark.weatherapp.MainActivity"
26-->src\main\AndroidManifest.xml:18:13-41
27            android:exported="true"
27-->src\main\AndroidManifest.xml:19:13-36
28            android:label="@string/app_name"
28-->src\main\AndroidManifest.xml:20:13-45
29            android:theme="@style/Theme.WeatherApp" >
29-->src\main\AndroidManifest.xml:21:13-52
30            <intent-filter>
30-->src\main\AndroidManifest.xml:22:13-26:29
31                <action android:name="android.intent.action.MAIN" />
31-->src\main\AndroidManifest.xml:23:17-69
31-->src\main\AndroidManifest.xml:23:25-66
32
33                <category android:name="android.intent.category.LAUNCHER" />
33-->src\main\AndroidManifest.xml:25:17-77
33-->src\main\AndroidManifest.xml:25:27-74
34            </intent-filter>
35
36            <meta-data
36-->src\main\AndroidManifest.xml:28:13-30:36
37                android:name="android.app.lib_name"
37-->src\main\AndroidManifest.xml:29:17-52
38                android:value="" />
38-->src\main\AndroidManifest.xml:30:17-33
39        </activity>
40        <activity
40-->[androidx.compose.ui:ui-tooling:1.1.1] AndroidManifest.xml:25:9-27:39
41            android:name="androidx.compose.ui.tooling.PreviewActivity"
41-->[androidx.compose.ui:ui-tooling:1.1.1] AndroidManifest.xml:26:13-71
42            android:exported="true" />
42-->[androidx.compose.ui:ui-tooling:1.1.1] AndroidManifest.xml:27:13-36
43        <activity
43-->[androidx.compose.ui:ui-test-manifest:1.1.1] AndroidManifest.xml:25:9-27:39
44            android:name="androidx.activity.ComponentActivity"
44-->[androidx.compose.ui:ui-test-manifest:1.1.1] AndroidManifest.xml:26:13-63
45            android:exported="true" />
45-->[androidx.compose.ui:ui-test-manifest:1.1.1] AndroidManifest.xml:27:13-36
46
47        <provider
47-->[androidx.lifecycle:lifecycle-process:2.4.0] AndroidManifest.xml:26:9-34:20
48            android:name="androidx.startup.InitializationProvider"
48-->[androidx.lifecycle:lifecycle-process:2.4.0] AndroidManifest.xml:27:13-67
49            android:authorities="kth.kenanmark.weatherapp.androidx-startup"
49-->[androidx.lifecycle:lifecycle-process:2.4.0] AndroidManifest.xml:28:13-68
50            android:exported="false" >
50-->[androidx.lifecycle:lifecycle-process:2.4.0] AndroidManifest.xml:29:13-37
51            <meta-data
51-->[androidx.lifecycle:lifecycle-process:2.4.0] AndroidManifest.xml:31:13-33:52
52                android:name="androidx.lifecycle.ProcessLifecycleInitializer"
52-->[androidx.lifecycle:lifecycle-process:2.4.0] AndroidManifest.xml:32:17-78
53                android:value="androidx.startup" />
53-->[androidx.lifecycle:lifecycle-process:2.4.0] AndroidManifest.xml:33:17-49
54            <meta-data
54-->[androidx.profileinstaller:profileinstaller:1.1.0] AndroidManifest.xml:31:13-33:52
55                android:name="androidx.profileinstaller.ProfileInstallerInitializer"
55-->[androidx.profileinstaller:profileinstaller:1.1.0] AndroidManifest.xml:32:17-85
56                android:value="androidx.startup" />
56-->[androidx.profileinstaller:profileinstaller:1.1.0] AndroidManifest.xml:33:17-49
57        </provider>
58
59        <receiver
59-->[androidx.profileinstaller:profileinstaller:1.1.0] AndroidManifest.xml:36:9-45:20
60            android:name="androidx.profileinstaller.ProfileInstallReceiver"
60-->[androidx.profileinstaller:profileinstaller:1.1.0] AndroidManifest.xml:37:13-76
61            android:directBootAware="false"
61-->[androidx.profileinstaller:profileinstaller:1.1.0] AndroidManifest.xml:38:13-44
62            android:enabled="true"
62-->[androidx.profileinstaller:profileinstaller:1.1.0] AndroidManifest.xml:39:13-35
63            android:exported="true"
63-->[androidx.profileinstaller:profileinstaller:1.1.0] AndroidManifest.xml:40:13-36
64            android:permission="android.permission.DUMP" >
64-->[androidx.profileinstaller:profileinstaller:1.1.0] AndroidManifest.xml:41:13-57
65            <intent-filter>
65-->[androidx.profileinstaller:profileinstaller:1.1.0] AndroidManifest.xml:42:13-44:29
66                <action android:name="androidx.profileinstaller.action.INSTALL_PROFILE" />
66-->[androidx.profileinstaller:profileinstaller:1.1.0] AndroidManifest.xml:43:17-91
66-->[androidx.profileinstaller:profileinstaller:1.1.0] AndroidManifest.xml:43:25-88
67            </intent-filter>
68        </receiver>
69    </application>
70
71</manifest>